------------------------------------------------------------------------------------------------------------------------

[2560-11-17 00:16:08 #1 store] 
Database 'E:\ComEn\Year3\SE_Github\Code\SE_Restaurant_Real\src\RestaurantDB\restaurant.odb' has been recovered (tr. 770-771)

[2560-11-17 00:16:08 #2 store] 
Database 'E:\ComEn\Year3\SE_Github\Code\SE_Restaurant_Real\src\RestaurantDB\restaurant.odb' is opened by 1428@DESKTOP-I7C4QNS

[2560-11-17 00:16:08 #3 store] 
Configuration path: ?

[2560-11-17 00:16:08 #4 type] 
Type RestaurantDB.food_Catalogue is not enhanced.

[2560-11-17 00:16:08 #5 type] 
Type RestaurantDB.food_menu is not enhanced.

[2560-11-17 00:16:08 #6 type] 
Type RestaurantDB.Ordered is not enhanced.

------------------------------------------------------------------------------------------------------------------------

[2560-11-17 00:25:48 #1 store] 
Database 'E:\ComEn\Year3\SE_Github\Code\SE_Restaurant_Real\src\RestaurantDB\restaurant.odb' has been recovered (tr. 773-776)

[2560-11-17 00:25:48 #2 store] 
Database 'E:\ComEn\Year3\SE_Github\Code\SE_Restaurant_Real\src\RestaurantDB\restaurant.odb' is opened by 7384@DESKTOP-I7C4QNS

[2560-11-17 00:25:48 #3 store] 
Configuration path: ?

[2560-11-17 00:25:48 #4 type] 
Type RestaurantDB.food_Catalogue is not enhanced.

[2560-11-17 00:25:48 #5 type] 
Type RestaurantDB.food_menu is not enhanced.

[2560-11-17 00:25:48 #6 type] 
Type RestaurantDB.Ordered is not enhanced.

------------------------------------------------------------------------------------------------------------------------

[2560-11-17 00:42:29 #1 store] 
Database 'E:\ComEn\Year3\SE_Github\Code\SE_Restaurant_Real\src\RestaurantDB\restaurant.odb' has been recovered (tr. 778-782)

[2560-11-17 00:42:29 #2 store] 
Database 'E:\ComEn\Year3\SE_Github\Code\SE_Restaurant_Real\src\RestaurantDB\restaurant.odb' is opened by 10172@DESKTOP-I7C4QNS

[2560-11-17 00:42:29 #3 store] 
Configuration path: ?

[2560-11-17 00:42:29 #4 type] 
Type RestaurantDB.food_Catalogue is not enhanced.

[2560-11-17 00:42:29 #5 type] 
Type RestaurantDB.food_menu is not enhanced.

[2560-11-17 00:42:29 #6 type] 
Type RestaurantDB.Ordered is not enhanced.

------------------------------------------------------------------------------------------------------------------------

[2560-11-17 00:44:30 #1 store] 
Database 'E:\ComEn\Year3\SE_Github\Code\SE_Restaurant_Real\src\RestaurantDB\restaurant.odb' has been recovered (tr. 784-785)

[2560-11-17 00:44:30 #2 store] 
Database 'E:\ComEn\Year3\SE_Github\Code\SE_Restaurant_Real\src\RestaurantDB\restaurant.odb' is opened by 9856@DESKTOP-I7C4QNS

[2560-11-17 00:44:30 #3 store] 
Configuration path: ?

[2560-11-17 00:44:30 #4 type] 
Type RestaurantDB.food_Catalogue is not enhanced.

[2560-11-17 00:44:30 #5 type] 
Type RestaurantDB.food_menu is not enhanced.

[2560-11-17 00:44:30 #6 type] 
Type RestaurantDB.Ordered is not enhanced.

------------------------------------------------------------------------------------------------------------------------

[2560-11-17 00:51:25 #1 store] 
Database 'E:\ComEn\Year3\SE_Github\Code\SE_Restaurant_Real\src\RestaurantDB\restaurant.odb' has been recovered (tr. 787-787)

[2560-11-17 00:51:25 #2 store] 
Database 'E:\ComEn\Year3\SE_Github\Code\SE_Restaurant_Real\src\RestaurantDB\restaurant.odb' is opened by 1700@DESKTOP-I7C4QNS

[2560-11-17 00:51:25 #3 store] 
Configuration path: ?

[2560-11-17 00:51:25 #4 type] 
Type RestaurantDB.food_Catalogue is not enhanced.

[2560-11-17 00:51:25 #5 type] 
Type RestaurantDB.food_menu is not enhanced.

[2560-11-17 00:51:25 #6 type] 
Type RestaurantDB.Ordered is not enhanced.

------------------------------------------------------------------------------------------------------------------------

[2560-11-17 01:01:24 #1 store] 
Database 'E:\ComEn\Year3\SE_Github\Code\SE_Restaurant_Real\src\RestaurantDB\restaurant.odb' has been recovered (tr. 788-791)

[2560-11-17 01:01:24 #2 store] 
Database 'E:\ComEn\Year3\SE_Github\Code\SE_Restaurant_Real\src\RestaurantDB\restaurant.odb' is opened by 3008@DESKTOP-I7C4QNS

[2560-11-17 01:01:24 #3 store] 
Configuration path: ?

[2560-11-17 01:01:25 #4 type] 
Type RestaurantDB.food_Catalogue is not enhanced.

[2560-11-17 01:01:25 #5 type] 
Type RestaurantDB.food_menu is not enhanced.

[2560-11-17 01:01:25 #6 type] 
Type RestaurantDB.Ordered is not enhanced.

------------------------------------------------------------------------------------------------------------------------

[2560-11-17 02:19:37 #1 store] 
Database 'E:\ComEn\Year3\SE_Github\Code\SE_Restaurant_Real\src\RestaurantDB\restaurant.odb' has been recovered (tr. 793-797)

[2560-11-17 02:19:37 #2 store] 
Database 'E:\ComEn\Year3\SE_Github\Code\SE_Restaurant_Real\src\RestaurantDB\restaurant.odb' is opened by 6028@DESKTOP-I7C4QNS

[2560-11-17 02:19:37 #3 store] 
Configuration path: ?

[2560-11-17 02:19:37 #4 type] 
Type RestaurantDB.food_Catalogue is not enhanced.

[2560-11-17 02:19:37 #5 type] 
Type RestaurantDB.food_menu is not enhanced.

[2560-11-17 02:19:37 #6 type] 
Type RestaurantDB.Ordered is not enhanced.

------------------------------------------------------------------------------------------------------------------------

[2560-11-17 02:21:46 #1 store] 
Database 'E:\ComEn\Year3\SE_Github\Code\SE_Restaurant_Real\src\RestaurantDB\restaurant.odb' has been recovered (tr. 799-805)

[2560-11-17 02:21:46 #2 store] 
Database 'E:\ComEn\Year3\SE_Github\Code\SE_Restaurant_Real\src\RestaurantDB\restaurant.odb' is opened by 9288@DESKTOP-I7C4QNS

[2560-11-17 02:21:46 #3 store] 
Configuration path: ?

[2560-11-17 02:21:46 #4 type] 
Type RestaurantDB.food_Catalogue is not enhanced.

[2560-11-17 02:21:46 #5 type] 
Type RestaurantDB.food_menu is not enhanced.

[2560-11-17 02:21:46 #6 type] 
Type RestaurantDB.Ordered is not enhanced.

------------------------------------------------------------------------------------------------------------------------

[2560-11-17 02:22:28 #1 store] 
Database 'E:\ComEn\Year3\SE_Github\Code\SE_Restaurant_Real\src\RestaurantDB\restaurant.odb' is opened by 5272@DESKTOP-I7C4QNS

[2560-11-17 02:22:28 #2 store] 
Configuration path: ?

[2560-11-17 02:22:29 #3 type] 
Type RestaurantDB.food_Catalogue is not enhanced.

[2560-11-17 02:22:29 #4 type] 
Type RestaurantDB.food_menu is not enhanced.

[2560-11-17 02:22:29 #5 type] 
Type RestaurantDB.Ordered is not enhanced.

------------------------------------------------------------------------------------------------------------------------

[2560-11-17 14:07:22 #1 store] 
Database 'E:\ComEn\Year3\SE_Github\Code\SE_Restaurant_Real\src\RestaurantDB\restaurant.odb' has been recovered (tr. 806-811)

[2560-11-17 14:07:22 #2 store] 
Database 'E:\ComEn\Year3\SE_Github\Code\SE_Restaurant_Real\src\RestaurantDB\restaurant.odb' is opened by 8724@DESKTOP-I7C4QNS

[2560-11-17 14:07:22 #3 store] 
Configuration path: ?

[2560-11-17 14:07:22 #4 type] 
Type RestaurantDB.food_Catalogue is not enhanced.

[2560-11-17 14:07:22 #5 type] 
Type RestaurantDB.food_menu is not enhanced.

[2560-11-17 14:07:22 #6 type] 
Type RestaurantDB.Ordered is not enhanced.

------------------------------------------------------------------------------------------------------------------------

[2560-11-17 14:09:40 #1 store] 
Database 'E:\ComEn\Year3\SE_Github\Code\SE_Restaurant_Real\src\RestaurantDB\restaurant.odb' is opened by 10080@DESKTOP-I7C4QNS

[2560-11-17 14:09:40 #2 store] 
Configuration path: ?

[2560-11-17 14:09:40 #3 type] 
Type RestaurantDB.food_Catalogue is not enhanced.

[2560-11-17 14:09:40 #4 type] 
Type RestaurantDB.food_menu is not enhanced.

[2560-11-17 14:09:40 #5 type] 
Type RestaurantDB.Ordered is not enhanced.

------------------------------------------------------------------------------------------------------------------------

[2560-11-17 14:12:44 #1 store] 
Database 'E:\ComEn\Year3\SE_Github\Code\SE_Restaurant_Real\src\RestaurantDB\restaurant.odb' is opened by 5492@DESKTOP-I7C4QNS

[2560-11-17 14:12:44 #2 store] 
Configuration path: ?

[2560-11-17 14:12:44 #3 type] 
Type RestaurantDB.food_Catalogue is not enhanced.

[2560-11-17 14:12:44 #4 type] 
Type RestaurantDB.food_menu is not enhanced.

[2560-11-17 14:12:44 #5 type] 
Type RestaurantDB.Ordered is not enhanced.

------------------------------------------------------------------------------------------------------------------------

[2560-11-17 14:14:22 #1 store] 
Database 'E:\ComEn\Year3\SE_Github\Code\SE_Restaurant_Real\src\RestaurantDB\restaurant.odb' is opened by 8728@DESKTOP-I7C4QNS

[2560-11-17 14:14:22 #2 store] 
Configuration path: ?

[2560-11-17 14:14:22 #3 type] 
Type RestaurantDB.food_Catalogue is not enhanced.

[2560-11-17 14:14:22 #4 type] 
Type RestaurantDB.food_menu is not enhanced.

[2560-11-17 14:14:22 #5 type] 
Type RestaurantDB.Ordered is not enhanced.

------------------------------------------------------------------------------------------------------------------------

[2560-11-17 14:18:07 #1 store] 
Database 'E:\ComEn\Year3\SE_Github\Code\SE_Restaurant_Real\src\RestaurantDB\restaurant.odb' is opened by 11112@DESKTOP-I7C4QNS

[2560-11-17 14:18:07 #2 store] 
Configuration path: ?

[2560-11-17 14:18:07 #3 type] 
Type RestaurantDB.food_Catalogue is not enhanced.

[2560-11-17 14:18:07 #4 type] 
Type RestaurantDB.food_menu is not enhanced.

[2560-11-17 14:18:07 #5 type] 
Type RestaurantDB.Ordered is not enhanced.

------------------------------------------------------------------------------------------------------------------------

[2560-11-17 14:19:01 #1 store] 
Database 'E:\ComEn\Year3\SE_Github\Code\SE_Restaurant_Real\src\RestaurantDB\restaurant.odb' is opened by 10088@DESKTOP-I7C4QNS

[2560-11-17 14:19:01 #2 store] 
Configuration path: ?

[2560-11-17 14:19:01 #3 type] 
Type RestaurantDB.food_Catalogue is not enhanced.

[2560-11-17 14:19:01 #4 type] 
Type RestaurantDB.food_menu is not enhanced.

[2560-11-17 14:19:01 #5 type] 
Type RestaurantDB.Ordered is not enhanced.

------------------------------------------------------------------------------------------------------------------------

[2560-11-17 14:20:14 #1 store] 
Database 'E:\ComEn\Year3\SE_Github\Code\SE_Restaurant_Real\src\RestaurantDB\restaurant.odb' is opened by 2764@DESKTOP-I7C4QNS

[2560-11-17 14:20:14 #2 store] 
Configuration path: ?

[2560-11-17 14:20:14 #3 type] 
Type RestaurantDB.food_Catalogue is not enhanced.

[2560-11-17 14:20:14 #4 type] 
Type RestaurantDB.food_menu is not enhanced.

[2560-11-17 14:20:14 #5 type] 
Type RestaurantDB.Ordered is not enhanced.

------------------------------------------------------------------------------------------------------------------------

[2560-11-17 14:24:48 #1 store] 
Database 'E:\ComEn\Year3\SE_Github\Code\SE_Restaurant_Real\src\RestaurantDB\restaurant.odb' is opened by 3860@DESKTOP-I7C4QNS

[2560-11-17 14:24:48 #2 store] 
Configuration path: ?

[2560-11-17 14:24:48 #3 type] 
Type RestaurantDB.food_Catalogue is not enhanced.

[2560-11-17 14:24:48 #4 type] 
Type RestaurantDB.food_menu is not enhanced.

[2560-11-17 14:24:48 #5 type] 
Type RestaurantDB.Ordered is not enhanced.

------------------------------------------------------------------------------------------------------------------------

[2560-11-17 14:27:28 #1 store] 
Database 'E:\ComEn\Year3\SE_Github\Code\SE_Restaurant_Real\src\RestaurantDB\restaurant.odb' has been recovered (tr. 812-814)

[2560-11-17 14:27:28 #2 store] 
Database 'E:\ComEn\Year3\SE_Github\Code\SE_Restaurant_Real\src\RestaurantDB\restaurant.odb' is opened by 5652@DESKTOP-I7C4QNS

[2560-11-17 14:27:28 #3 store] 
Configuration path: ?

[2560-11-17 14:27:28 #4 type] 
Type RestaurantDB.food_Catalogue is not enhanced.

[2560-11-17 14:27:28 #5 type] 
Type RestaurantDB.food_menu is not enhanced.

[2560-11-17 14:27:28 #6 type] 
Type RestaurantDB.Ordered is not enhanced.

