------------------------------------------------------------------------------------------------------------------------

[2560-11-16 21:15:02 #1 store] 
Database 'E:\ComEn\Year3\SE_Github\Code\SE_Restaurant_Real\src\RestaurantDB\restaurant.odb' is opened by 5460@DESKTOP-I7C4QNS

[2560-11-16 21:15:02 #2 store] 
Configuration path: ?

[2560-11-16 21:15:02 #3 type] 
Type RestaurantDB.food_Catalogue is not enhanced.

[2560-11-16 21:15:02 #4 type] 
Type RestaurantDB.food_menu is not enhanced.

[2560-11-16 21:15:02 #5 type] 
Type RestaurantDB.Ordered is not enhanced.

------------------------------------------------------------------------------------------------------------------------

[2560-11-16 21:19:34 #1 store] 
Database 'E:\ComEn\Year3\SE_Github\Code\SE_Restaurant_Real\src\RestaurantDB\restaurant.odb' has been recovered (tr. 732-732)

[2560-11-16 21:19:34 #2 store] 
Database 'E:\ComEn\Year3\SE_Github\Code\SE_Restaurant_Real\src\RestaurantDB\restaurant.odb' is opened by 6380@DESKTOP-I7C4QNS

[2560-11-16 21:19:34 #3 store] 
Configuration path: ?

[2560-11-16 21:19:34 #4 type] 
Type RestaurantDB.food_Catalogue is not enhanced.

[2560-11-16 21:19:34 #5 type] 
Type RestaurantDB.food_menu is not enhanced.

[2560-11-16 21:19:34 #6 type] 
Type RestaurantDB.Ordered is not enhanced.

[2560-11-16 21:20:39 #7 store] 
Database 'E:\ComEn\Year3\SE_Github\Code\SE_Restaurant_Real\restaurant.odb' is opened by 6380@DESKTOP-I7C4QNS

[2560-11-16 21:20:39 #8 store] 
Configuration path: ?

[2560-11-16 21:20:39 #9 type.registry] 
New type RestaurantDB.Ordered

[2560-11-16 21:20:39 #10 type.registry] 
New type java.util.ArrayList<java.lang.Double>

[2560-11-16 21:20:39 #11 type.registry] 
New type java.util.ArrayList<java.lang.Integer>

[2560-11-16 21:20:39 #12 type.registry] 
New type java.util.ArrayList<java.lang.String>

------------------------------------------------------------------------------------------------------------------------

[2560-11-16 22:27:09 #1 store] 
Database 'E:\ComEn\Year3\SE_Github\Code\SE_Restaurant_Real\src\RestaurantDB\restaurant.odb' has been recovered (tr. 734-736)

[2560-11-16 22:27:09 #2 store] 
Database 'E:\ComEn\Year3\SE_Github\Code\SE_Restaurant_Real\src\RestaurantDB\restaurant.odb' is opened by 2732@DESKTOP-I7C4QNS

[2560-11-16 22:27:09 #3 store] 
Configuration path: ?

[2560-11-16 22:27:09 #4 type] 
Type RestaurantDB.food_Catalogue is not enhanced.

[2560-11-16 22:27:09 #5 type] 
Type RestaurantDB.food_menu is not enhanced.

[2560-11-16 22:27:09 #6 type] 
Type RestaurantDB.Ordered is not enhanced.

------------------------------------------------------------------------------------------------------------------------

[2560-11-16 22:29:56 #1 store] 
Database 'E:\ComEn\Year3\SE_Github\Code\SE_Restaurant_Real\src\RestaurantDB\restaurant.odb' has been recovered (tr. 738-744)

[2560-11-16 22:29:56 #2 store] 
Database 'E:\ComEn\Year3\SE_Github\Code\SE_Restaurant_Real\src\RestaurantDB\restaurant.odb' is opened by 5412@DESKTOP-I7C4QNS

[2560-11-16 22:29:56 #3 store] 
Configuration path: ?

[2560-11-16 22:29:56 #4 type] 
Type RestaurantDB.food_Catalogue is not enhanced.

[2560-11-16 22:29:56 #5 type] 
Type RestaurantDB.food_menu is not enhanced.

[2560-11-16 22:29:56 #6 type] 
Type RestaurantDB.Ordered is not enhanced.

------------------------------------------------------------------------------------------------------------------------

[2560-11-16 22:33:47 #1 store] 
Database 'E:\ComEn\Year3\SE_Github\Code\SE_Restaurant_Real\src\RestaurantDB\restaurant.odb' has been recovered (tr. 745-746)

[2560-11-16 22:33:47 #2 store] 
Database 'E:\ComEn\Year3\SE_Github\Code\SE_Restaurant_Real\src\RestaurantDB\restaurant.odb' is opened by 7812@DESKTOP-I7C4QNS

[2560-11-16 22:33:47 #3 store] 
Configuration path: ?

[2560-11-16 22:33:47 #4 type] 
Type RestaurantDB.food_Catalogue is not enhanced.

[2560-11-16 22:33:47 #5 type] 
Type RestaurantDB.food_menu is not enhanced.

[2560-11-16 22:33:47 #6 type] 
Type RestaurantDB.Ordered is not enhanced.

------------------------------------------------------------------------------------------------------------------------

[2560-11-16 22:37:12 #1 store] 
Database 'E:\ComEn\Year3\SE_Github\Code\SE_Restaurant_Real\src\RestaurantDB\restaurant.odb' has been recovered (tr. 748-749)

[2560-11-16 22:37:12 #2 store] 
Database 'E:\ComEn\Year3\SE_Github\Code\SE_Restaurant_Real\src\RestaurantDB\restaurant.odb' is opened by 11040@DESKTOP-I7C4QNS

[2560-11-16 22:37:12 #3 store] 
Configuration path: ?

[2560-11-16 22:37:12 #4 type] 
Type RestaurantDB.food_Catalogue is not enhanced.

[2560-11-16 22:37:12 #5 type] 
Type RestaurantDB.food_menu is not enhanced.

[2560-11-16 22:37:12 #6 type] 
Type RestaurantDB.Ordered is not enhanced.

------------------------------------------------------------------------------------------------------------------------

[2560-11-16 22:59:46 #1 store] 
Database 'E:\ComEn\Year3\SE_Github\Code\SE_Restaurant_Real\src\RestaurantDB\restaurant.odb' has been recovered (tr. 751-752)

[2560-11-16 22:59:46 #2 store] 
Database 'E:\ComEn\Year3\SE_Github\Code\SE_Restaurant_Real\src\RestaurantDB\restaurant.odb' is opened by 12004@DESKTOP-I7C4QNS

[2560-11-16 22:59:46 #3 store] 
Configuration path: ?

[2560-11-16 22:59:46 #4 type] 
Type RestaurantDB.food_Catalogue is not enhanced.

[2560-11-16 22:59:46 #5 type] 
Type RestaurantDB.food_menu is not enhanced.

[2560-11-16 22:59:46 #6 type] 
Type RestaurantDB.Ordered is not enhanced.

------------------------------------------------------------------------------------------------------------------------

[2560-11-16 23:21:59 #1 store] 
Database 'E:\ComEn\Year3\SE_Github\Code\SE_Restaurant_Real\src\RestaurantDB\restaurant.odb' has been recovered (tr. 754-754)

[2560-11-16 23:21:59 #2 store] 
Database 'E:\ComEn\Year3\SE_Github\Code\SE_Restaurant_Real\src\RestaurantDB\restaurant.odb' is opened by 4132@DESKTOP-I7C4QNS

[2560-11-16 23:21:59 #3 store] 
Configuration path: ?

[2560-11-16 23:21:59 #4 type] 
Type RestaurantDB.food_Catalogue is not enhanced.

[2560-11-16 23:21:59 #5 type] 
Type RestaurantDB.food_menu is not enhanced.

[2560-11-16 23:21:59 #6 type] 
Type RestaurantDB.Ordered is not enhanced.

------------------------------------------------------------------------------------------------------------------------

[2560-11-16 23:27:05 #1 store] 
Database 'E:\ComEn\Year3\SE_Github\Code\SE_Restaurant_Real\src\RestaurantDB\restaurant.odb' has been recovered (tr. 755-755)

[2560-11-16 23:27:06 #2 store] 
Database 'E:\ComEn\Year3\SE_Github\Code\SE_Restaurant_Real\src\RestaurantDB\restaurant.odb' is opened by 11444@DESKTOP-I7C4QNS

[2560-11-16 23:27:06 #3 store] 
Configuration path: ?

[2560-11-16 23:27:06 #4 type] 
Type RestaurantDB.food_Catalogue is not enhanced.

[2560-11-16 23:27:06 #5 type] 
Type RestaurantDB.food_menu is not enhanced.

[2560-11-16 23:27:06 #6 type] 
Type RestaurantDB.Ordered is not enhanced.

------------------------------------------------------------------------------------------------------------------------

[2560-11-16 23:30:34 #1 store] 
Database 'E:\ComEn\Year3\SE_Github\Code\SE_Restaurant_Real\src\RestaurantDB\restaurant.odb' has been recovered (tr. 757-761)

[2560-11-16 23:30:34 #2 store] 
Database 'E:\ComEn\Year3\SE_Github\Code\SE_Restaurant_Real\src\RestaurantDB\restaurant.odb' is opened by 8620@DESKTOP-I7C4QNS

[2560-11-16 23:30:34 #3 store] 
Configuration path: ?

[2560-11-16 23:30:35 #4 type] 
Type RestaurantDB.food_Catalogue is not enhanced.

[2560-11-16 23:30:35 #5 type] 
Type RestaurantDB.food_menu is not enhanced.

[2560-11-16 23:30:35 #6 type] 
Type RestaurantDB.Ordered is not enhanced.

------------------------------------------------------------------------------------------------------------------------

[2560-11-16 23:32:03 #1 store] 
Database 'E:\ComEn\Year3\SE_Github\Code\SE_Restaurant_Real\src\RestaurantDB\restaurant.odb' has been recovered (tr. 763-763)

[2560-11-16 23:32:03 #2 store] 
Database 'E:\ComEn\Year3\SE_Github\Code\SE_Restaurant_Real\src\RestaurantDB\restaurant.odb' is opened by 7756@DESKTOP-I7C4QNS

[2560-11-16 23:32:03 #3 store] 
Configuration path: ?

[2560-11-16 23:32:03 #4 type] 
Type RestaurantDB.food_Catalogue is not enhanced.

[2560-11-16 23:32:03 #5 type] 
Type RestaurantDB.food_menu is not enhanced.

[2560-11-16 23:32:03 #6 type] 
Type RestaurantDB.Ordered is not enhanced.

------------------------------------------------------------------------------------------------------------------------

[2560-11-16 23:36:10 #1 store] 
Database 'E:\ComEn\Year3\SE_Github\Code\SE_Restaurant_Real\src\RestaurantDB\restaurant.odb' has been recovered (tr. 764-765)

[2560-11-16 23:36:10 #2 store] 
Database 'E:\ComEn\Year3\SE_Github\Code\SE_Restaurant_Real\src\RestaurantDB\restaurant.odb' is opened by 4108@DESKTOP-I7C4QNS

[2560-11-16 23:36:10 #3 store] 
Configuration path: ?

[2560-11-16 23:36:10 #4 type] 
Type RestaurantDB.food_Catalogue is not enhanced.

[2560-11-16 23:36:10 #5 type] 
Type RestaurantDB.food_menu is not enhanced.

[2560-11-16 23:36:10 #6 type] 
Type RestaurantDB.Ordered is not enhanced.

------------------------------------------------------------------------------------------------------------------------

[2560-11-16 23:49:20 #1 store] 
Database 'E:\ComEn\Year3\SE_Github\Code\SE_Restaurant_Real\src\RestaurantDB\restaurant.odb' has been recovered (tr. 767-767)

[2560-11-16 23:49:20 #2 store] 
Database 'E:\ComEn\Year3\SE_Github\Code\SE_Restaurant_Real\src\RestaurantDB\restaurant.odb' is opened by 2720@DESKTOP-I7C4QNS

[2560-11-16 23:49:20 #3 store] 
Configuration path: ?

[2560-11-16 23:49:20 #4 type] 
Type RestaurantDB.food_Catalogue is not enhanced.

[2560-11-16 23:49:20 #5 type] 
Type RestaurantDB.food_menu is not enhanced.

[2560-11-16 23:49:20 #6 type] 
Type RestaurantDB.Ordered is not enhanced.

------------------------------------------------------------------------------------------------------------------------

[2560-11-16 23:51:27 #1 store] 
Database 'E:\ComEn\Year3\SE_Github\Code\SE_Restaurant_Real\src\RestaurantDB\restaurant.odb' is opened by 8656@DESKTOP-I7C4QNS

[2560-11-16 23:51:27 #2 store] 
Configuration path: ?

[2560-11-16 23:51:27 #3 type] 
Type RestaurantDB.food_Catalogue is not enhanced.

[2560-11-16 23:51:27 #4 type] 
Type RestaurantDB.food_menu is not enhanced.

[2560-11-16 23:51:27 #5 type] 
Type RestaurantDB.Ordered is not enhanced.

------------------------------------------------------------------------------------------------------------------------

[2560-11-16 23:58:21 #1 store] 
Database 'E:\ComEn\Year3\SE_Github\Code\SE_Restaurant_Real\src\RestaurantDB\restaurant.odb' has been recovered (tr. 768-768)

[2560-11-16 23:58:21 #2 store] 
Database 'E:\ComEn\Year3\SE_Github\Code\SE_Restaurant_Real\src\RestaurantDB\restaurant.odb' is opened by 8608@DESKTOP-I7C4QNS

[2560-11-16 23:58:21 #3 store] 
Configuration path: ?

[2560-11-16 23:58:21 #4 type] 
Type RestaurantDB.food_Catalogue is not enhanced.

[2560-11-16 23:58:21 #5 type] 
Type RestaurantDB.food_menu is not enhanced.

[2560-11-16 23:58:21 #6 type] 
Type RestaurantDB.Ordered is not enhanced.

