------------------------------------------------------------------------------------------------------------------------

[2560-11-16 21:12:19 #1 store] 
Database 'E:\ComEn\Year3\SE_Github\Code\SE_Restaurant_Real\src\se_restaurant_real\restaurant.odb' is opened by 9168@DESKTOP-I7C4QNS

[2560-11-16 21:12:19 #2 store] 
Configuration path: ?

[2560-11-16 21:12:19 #3 type.registry] 
New type RestaurantDB.food_menu

[2560-11-16 21:12:19 #4 type] 
Type RestaurantDB.food_menu is not enhanced.

[2560-11-16 21:12:19 #5 type.registry] 
New type RestaurantDB.food_Catalogue

[2560-11-16 21:12:19 #6 type] 
Type RestaurantDB.food_Catalogue is not enhanced.

------------------------------------------------------------------------------------------------------------------------

[2560-11-16 21:14:08 #1 store] 
Database 'E:\ComEn\Year3\SE_Github\Code\SE_Restaurant_Real\src\se_restaurant_real\restaurant.odb' has been recovered (tr. 1-3)

[2560-11-16 21:14:08 #2 store] 
Database 'E:\ComEn\Year3\SE_Github\Code\SE_Restaurant_Real\src\se_restaurant_real\restaurant.odb' is opened by 11708@DESKTOP-I7C4QNS

[2560-11-16 21:14:08 #3 store] 
Configuration path: ?

[2560-11-16 21:14:08 #4 type] 
Type RestaurantDB.food_menu is not enhanced.

[2560-11-16 21:14:08 #5 type] 
Type RestaurantDB.food_Catalogue is not enhanced.

