------------------------------------------------------------------------------------------------------------------------

[2560-11-17 00:16:08 #1 store] 
Database 'E:\ComEn\Year3\SE_Github\Code\SE_Restaurant_Real\src\RestaurantDB\restaurant.odb' has been recovered (tr. 770-771)

[2560-11-17 00:16:08 #2 store] 
Database 'E:\ComEn\Year3\SE_Github\Code\SE_Restaurant_Real\src\RestaurantDB\restaurant.odb' is opened by 1428@DESKTOP-I7C4QNS

[2560-11-17 00:16:08 #3 store] 
Configuration path: ?

[2560-11-17 00:16:08 #4 type] 
Type RestaurantDB.food_Catalogue is not enhanced.

[2560-11-17 00:16:08 #5 type] 
Type RestaurantDB.food_menu is not enhanced.

[2560-11-17 00:16:08 #6 type] 
Type RestaurantDB.Ordered is not enhanced.

------------------------------------------------------------------------------------------------------------------------

[2560-11-17 00:25:48 #1 store] 
Database 'E:\ComEn\Year3\SE_Github\Code\SE_Restaurant_Real\src\RestaurantDB\restaurant.odb' has been recovered (tr. 773-776)

[2560-11-17 00:25:48 #2 store] 
Database 'E:\ComEn\Year3\SE_Github\Code\SE_Restaurant_Real\src\RestaurantDB\restaurant.odb' is opened by 7384@DESKTOP-I7C4QNS

[2560-11-17 00:25:48 #3 store] 
Configuration path: ?

[2560-11-17 00:25:48 #4 type] 
Type RestaurantDB.food_Catalogue is not enhanced.

[2560-11-17 00:25:48 #5 type] 
Type RestaurantDB.food_menu is not enhanced.

[2560-11-17 00:25:48 #6 type] 
Type RestaurantDB.Ordered is not enhanced.

------------------------------------------------------------------------------------------------------------------------

[2560-11-17 00:42:29 #1 store] 
Database 'E:\ComEn\Year3\SE_Github\Code\SE_Restaurant_Real\src\RestaurantDB\restaurant.odb' has been recovered (tr. 778-782)

[2560-11-17 00:42:29 #2 store] 
Database 'E:\ComEn\Year3\SE_Github\Code\SE_Restaurant_Real\src\RestaurantDB\restaurant.odb' is opened by 10172@DESKTOP-I7C4QNS

[2560-11-17 00:42:29 #3 store] 
Configuration path: ?

[2560-11-17 00:42:29 #4 type] 
Type RestaurantDB.food_Catalogue is not enhanced.

[2560-11-17 00:42:29 #5 type] 
Type RestaurantDB.food_menu is not enhanced.

[2560-11-17 00:42:29 #6 type] 
Type RestaurantDB.Ordered is not enhanced.

------------------------------------------------------------------------------------------------------------------------

[2560-11-17 00:44:30 #1 store] 
Database 'E:\ComEn\Year3\SE_Github\Code\SE_Restaurant_Real\src\RestaurantDB\restaurant.odb' has been recovered (tr. 784-785)

[2560-11-17 00:44:30 #2 store] 
Database 'E:\ComEn\Year3\SE_Github\Code\SE_Restaurant_Real\src\RestaurantDB\restaurant.odb' is opened by 9856@DESKTOP-I7C4QNS

[2560-11-17 00:44:30 #3 store] 
Configuration path: ?

[2560-11-17 00:44:30 #4 type] 
Type RestaurantDB.food_Catalogue is not enhanced.

[2560-11-17 00:44:30 #5 type] 
Type RestaurantDB.food_menu is not enhanced.

[2560-11-17 00:44:30 #6 type] 
Type RestaurantDB.Ordered is not enhanced.

------------------------------------------------------------------------------------------------------------------------

[2560-11-17 00:51:25 #1 store] 
Database 'E:\ComEn\Year3\SE_Github\Code\SE_Restaurant_Real\src\RestaurantDB\restaurant.odb' has been recovered (tr. 787-787)

[2560-11-17 00:51:25 #2 store] 
Database 'E:\ComEn\Year3\SE_Github\Code\SE_Restaurant_Real\src\RestaurantDB\restaurant.odb' is opened by 1700@DESKTOP-I7C4QNS

[2560-11-17 00:51:25 #3 store] 
Configuration path: ?

[2560-11-17 00:51:25 #4 type] 
Type RestaurantDB.food_Catalogue is not enhanced.

[2560-11-17 00:51:25 #5 type] 
Type RestaurantDB.food_menu is not enhanced.

[2560-11-17 00:51:25 #6 type] 
Type RestaurantDB.Ordered is not enhanced.

------------------------------------------------------------------------------------------------------------------------

[2560-11-17 01:01:24 #1 store] 
Database 'E:\ComEn\Year3\SE_Github\Code\SE_Restaurant_Real\src\RestaurantDB\restaurant.odb' has been recovered (tr. 788-791)

[2560-11-17 01:01:24 #2 store] 
Database 'E:\ComEn\Year3\SE_Github\Code\SE_Restaurant_Real\src\RestaurantDB\restaurant.odb' is opened by 3008@DESKTOP-I7C4QNS

[2560-11-17 01:01:24 #3 store] 
Configuration path: ?

[2560-11-17 01:01:25 #4 type] 
Type RestaurantDB.food_Catalogue is not enhanced.

[2560-11-17 01:01:25 #5 type] 
Type RestaurantDB.food_menu is not enhanced.

[2560-11-17 01:01:25 #6 type] 
Type RestaurantDB.Ordered is not enhanced.

------------------------------------------------------------------------------------------------------------------------

[2560-11-17 02:19:37 #1 store] 
Database 'E:\ComEn\Year3\SE_Github\Code\SE_Restaurant_Real\src\RestaurantDB\restaurant.odb' has been recovered (tr. 793-797)

[2560-11-17 02:19:37 #2 store] 
Database 'E:\ComEn\Year3\SE_Github\Code\SE_Restaurant_Real\src\RestaurantDB\restaurant.odb' is opened by 6028@DESKTOP-I7C4QNS

[2560-11-17 02:19:37 #3 store] 
Configuration path: ?

[2560-11-17 02:19:37 #4 type] 
Type RestaurantDB.food_Catalogue is not enhanced.

[2560-11-17 02:19:37 #5 type] 
Type RestaurantDB.food_menu is not enhanced.

[2560-11-17 02:19:37 #6 type] 
Type RestaurantDB.Ordered is not enhanced.

------------------------------------------------------------------------------------------------------------------------

[2560-11-17 02:21:46 #1 store] 
Database 'E:\ComEn\Year3\SE_Github\Code\SE_Restaurant_Real\src\RestaurantDB\restaurant.odb' has been recovered (tr. 799-805)

[2560-11-17 02:21:46 #2 store] 
Database 'E:\ComEn\Year3\SE_Github\Code\SE_Restaurant_Real\src\RestaurantDB\restaurant.odb' is opened by 9288@DESKTOP-I7C4QNS

[2560-11-17 02:21:46 #3 store] 
Configuration path: ?

[2560-11-17 02:21:46 #4 type] 
Type RestaurantDB.food_Catalogue is not enhanced.

[2560-11-17 02:21:46 #5 type] 
Type RestaurantDB.food_menu is not enhanced.

[2560-11-17 02:21:46 #6 type] 
Type RestaurantDB.Ordered is not enhanced.

------------------------------------------------------------------------------------------------------------------------

[2560-11-17 02:22:28 #1 store] 
Database 'E:\ComEn\Year3\SE_Github\Code\SE_Restaurant_Real\src\RestaurantDB\restaurant.odb' is opened by 5272@DESKTOP-I7C4QNS

[2560-11-17 02:22:28 #2 store] 
Configuration path: ?

[2560-11-17 02:22:29 #3 type] 
Type RestaurantDB.food_Catalogue is not enhanced.

[2560-11-17 02:22:29 #4 type] 
Type RestaurantDB.food_menu is not enhanced.

[2560-11-17 02:22:29 #5 type] 
Type RestaurantDB.Ordered is not enhanced.

------------------------------------------------------------------------------------------------------------------------

[2560-11-17 02:58:16 #1 store] 
Database 'C:\Users\Acer\Desktop\SE\SE_Restaurant_Real\src\RestaurantDB\restaurant.odb' has been recovered (tr. 806-811)

[2560-11-17 02:58:17 #2 store] 
Database 'C:\Users\Acer\Desktop\SE\SE_Restaurant_Real\src\RestaurantDB\restaurant.odb' is opened by 4980@Acer-NB

[2560-11-17 02:58:17 #3 store] 
Configuration path: ?

[2560-11-17 02:58:17 #4 type] 
Type RestaurantDB.food_Catalogue is not enhanced.

[2560-11-17 02:58:17 #5 type] 
Type RestaurantDB.food_menu is not enhanced.

[2560-11-17 02:58:17 #6 type] 
Type RestaurantDB.Ordered is not enhanced.

------------------------------------------------------------------------------------------------------------------------

[2560-11-17 13:54:27 #1 store] 
Database 'C:\Users\Acer\Desktop\SE\SE_Restaurant_Real\src\RestaurantDB\restaurant.odb' has been recovered (tr. 812-818)

[2560-11-17 13:54:27 #2 store] 
Database 'C:\Users\Acer\Desktop\SE\SE_Restaurant_Real\src\RestaurantDB\restaurant.odb' is opened by 7148@Acer-NB

[2560-11-17 13:54:27 #3 store] 
Configuration path: ?

[2560-11-17 13:54:27 #4 type] 
Type RestaurantDB.food_Catalogue is not enhanced.

[2560-11-17 13:54:27 #5 type] 
Type RestaurantDB.food_menu is not enhanced.

[2560-11-17 13:54:28 #6 type] 
Type RestaurantDB.Ordered is not enhanced.

