------------------------------------------------------------------------------------------------------------------------

[2017-11-17 15:41:49 #1 store] 
Database 'C:\SE_Restaurant_real\src\RestaurantDB\restaurant.odb' has been recovered (tr. 806-811)

[2017-11-17 15:41:49 #2 store] 
Database 'C:\SE_Restaurant_real\src\RestaurantDB\restaurant.odb' is opened by 6388@Lenovo-PC

[2017-11-17 15:41:49 #3 store] 
Configuration path: ?

[2017-11-17 15:41:50 #4 type] 
Type RestaurantDB.food_Catalogue is not enhanced.

[2017-11-17 15:41:50 #5 type] 
Type RestaurantDB.food_menu is not enhanced.

[2017-11-17 15:41:50 #6 type] 
Type RestaurantDB.Ordered is not enhanced.

------------------------------------------------------------------------------------------------------------------------

[2017-11-17 15:43:30 #1 store] 
Database 'C:\SE_Restaurant_real\src\RestaurantDB\restaurant.odb' is opened by 480@Lenovo-PC

[2017-11-17 15:43:30 #2 store] 
Configuration path: ?

[2017-11-17 15:43:30 #3 type] 
Type RestaurantDB.food_Catalogue is not enhanced.

[2017-11-17 15:43:30 #4 type] 
Type RestaurantDB.food_menu is not enhanced.

[2017-11-17 15:43:30 #5 type] 
Type RestaurantDB.Ordered is not enhanced.

------------------------------------------------------------------------------------------------------------------------

[2017-11-17 16:32:59 #1 store] 
Database 'D:\SE_Github\Code\SE_Restaurant_real\src\RestaurantDB\restaurant.odb' has been recovered (tr. 812-813)

[2017-11-17 16:33:00 #2 store] 
Database 'D:\SE_Github\Code\SE_Restaurant_real\src\RestaurantDB\restaurant.odb' is opened by 7908@DESKTOP-VP14P2M

[2017-11-17 16:33:00 #3 store] 
Configuration path: ?

[2017-11-17 16:33:00 #4 type] 
Type RestaurantDB.food_Catalogue is not enhanced.

[2017-11-17 16:33:00 #5 type] 
Type RestaurantDB.food_menu is not enhanced.

[2017-11-17 16:33:00 #6 type] 
Type RestaurantDB.Ordered is not enhanced.

------------------------------------------------------------------------------------------------------------------------

[2017-11-17 16:45:30 #1 store] 
Database 'D:\SE_Github\Code\SE_Restaurant_real\src\RestaurantDB\restaurant.odb' has been recovered (tr. 815-818)

[2017-11-17 16:45:30 #2 store] 
Database 'D:\SE_Github\Code\SE_Restaurant_real\src\RestaurantDB\restaurant.odb' is opened by 9772@DESKTOP-VP14P2M

[2017-11-17 16:45:30 #3 store] 
Configuration path: ?

[2017-11-17 16:45:30 #4 type] 
Type RestaurantDB.food_Catalogue is not enhanced.

[2017-11-17 16:45:30 #5 type] 
Type RestaurantDB.food_menu is not enhanced.

[2017-11-17 16:45:30 #6 type] 
Type RestaurantDB.Ordered is not enhanced.

------------------------------------------------------------------------------------------------------------------------

[2017-11-17 16:51:16 #1 store] 
Database 'D:\SE_Github\Code\SE_Restaurant_real\src\RestaurantDB\restaurant.odb' has been recovered (tr. 820-821)

[2017-11-17 16:51:16 #2 store] 
Database 'D:\SE_Github\Code\SE_Restaurant_real\src\RestaurantDB\restaurant.odb' is opened by 8816@DESKTOP-VP14P2M

[2017-11-17 16:51:16 #3 store] 
Configuration path: ?

[2017-11-17 16:51:17 #4 type] 
Type RestaurantDB.food_Catalogue is not enhanced.

[2017-11-17 16:51:17 #5 type] 
Type RestaurantDB.food_menu is not enhanced.

[2017-11-17 16:51:17 #6 type] 
Type RestaurantDB.Ordered is not enhanced.

